#
# A fatal error has been detected by the Java Runtime Environment:
#
#  EXCEPTION_ACCESS_VIOLATION (0xc0000005) at pc=0x000001f15c39966a, pid=17384, tid=16244
#
# JRE version: Java(TM) SE Runtime Environment (21.0.1+12) (build 21.0.1+12-LTS-29)
# Java VM: Java HotSpot(TM) 64-Bit Server VM (21.0.1+12-LTS-29, mixed mode, sharing, tiered, compressed oops, compressed class ptrs, g1 gc, windows-amd64)
# Problematic frame:
# j  java.math.BigInteger.remainderKnuth(Ljava/math/BigInteger;)Ljava/math/BigInteger;+4 java.base@21.0.1
#
# No core dump will be written. Minidumps are not enabled by default on client versions of Windows
#
# If you would like to submit a bug report, please visit:
#   https://bugreport.java.com/bugreport/crash.jsp
#

---------------  S U M M A R Y ------------

Command Line: -javaagent:C:\Program Files\JetBrains\IntelliJ IDEA Community Edition 2023.2.4\lib\idea_rt.jar=61329:C:\Program Files\JetBrains\IntelliJ IDEA Community Edition 2023.2.4\bin -Dfile.encoding=UTF-8 -Dsun.stdout.encoding=UTF-8 -Dsun.stderr.encoding=UTF-8 com.web_project.C2CECommerceSite.C2CeCommerceSiteApplication

Host: Intel(R) Core(TM) i5-10300H CPU @ 2.50GHz, 8 cores, 15G,  Windows 11 , 64 bit Build 22621 (10.0.22621.3085)
Time: Fri Jan 26 19:57:03 2024 Sri Lanka Standard Time elapsed time: 3527.576904 seconds (0d 0h 58m 47s)

---------------  T H R E A D  ---------------

Current thread (0x000001f1737e4f30):  JavaThread "HikariPool-1 connection adder" daemon [_thread_in_Java, id=16244, stack(0x0000000712500000,0x0000000712600000) (1024K)]

Stack: [0x0000000712500000,0x0000000712600000],  sp=0x00000007125fd938,  free space=1014k
Native frames: (J=compiled Java code, j=interpreted, Vv=VM code, C=native code)
C  0x000001f15c39966a

The last pc belongs to invokespecial (printed below).

siginfo: EXCEPTION_ACCESS_VIOLATION (0xc0000005), reading address 0xffffffffffffffff


Registers:
RAX=0x0000000000000000, RBX=0x000001f16e4fd1a0, RCX=0x00000004dba1b2f8, RDX=0x000001f15c388846
RSP=0x00000007125fd938, RBP=0x00000007125fd998, RSI=0x0000000000000000, RDI=0x0000000000000158
R8 =0x00000004dba1b298, R9 =0x00000004d89e2878, R10=0x00007ffe88e79e90, R11=0x00000004dba1b298
R12=0x0000000000000000, R13=0x00000007125fd940, R14=0x00000007125fd9c8, R15=0x000001f1737e4f30
RIP=0x000001f15c39966a, EFLAGS=0x0000000000010246


Register to memory mapping:

RAX=0x0 is null
RBX=0x000001f16e4fd1a0 is pointing into metadata
RCX=0x00000004dba1b2f8 is an oop: java.math.MutableBigInteger 
{0x00000004dba1b2f8} - klass: 'java/math/MutableBigInteger'
 - ---- fields (total size 3 words):
 - 'intLen' 'I' @12  0 (0x00000000)
 - 'offset' 'I' @16  0 (0x00000000)
 - 'value' '[I' @20  null (0x00000000)
RDX=0x000001f15c388846 is at code_begin+1158 in an Interpreter codelet
return entry points  [0x000001f15c3883c0, 0x000001f15c388f18]  2904 bytes
RSP=0x00000007125fd938 is pointing into the stack for thread: 0x000001f1737e4f30
RBP=0x00000007125fd998 is pointing into the stack for thread: 0x000001f1737e4f30
RSI=0x0 is null
RDI=0x0000000000000158 is an unknown value
R8 =0x00000004dba1b298 is an oop: [I 
{0x00000004dba1b298} - klass: {type array int}
 - length: 9
R9 =0x00000004d89e2878 is an oop: java.math.BigInteger 
{0x00000004d89e2878} - klass: 'java/math/BigInteger'
 - ---- fields (total size 5 words):
 - final 'signum' 'I' @12  1 (0x00000001)
 - private 'bitCountPlusOne' 'I' @16  0 (0x00000000)
 - private 'bitLengthPlusOne' 'I' @20  0 (0x00000000)
 - private 'lowestSetBitPlusTwo' 'I' @24  0 (0x00000000)
 - private 'firstNonzeroIntNumPlusTwo' 'I' @28  0 (0x00000000)
 - final 'mag' '[I' @32  [I{0x00000004d89e28a0} (0x9b13c514)
R10=0x00007ffe88e79e90 jvm.dll
R11=0x00000004dba1b298 is an oop: [I 
{0x00000004dba1b298} - klass: {type array int}
 - length: 9
R12=0x0 is null
R13=0x00000007125fd940 is pointing into the stack for thread: 0x000001f1737e4f30
R14=0x00000007125fd9c8 is pointing into the stack for thread: 0x000001f1737e4f30
R15=0x000001f1737e4f30 is a thread

Top of Stack: (sp=0x00000007125fd938)
0x00000007125fd938:   000001f15c388846 00000004dba1b2f8
0x00000007125fd948:   00000004dba1b2f8 00000007125fd950
0x00000007125fd958:   000001f1006c6a34 0000000000000006
0x00000007125fd968:   000001f1000750a0 0000000000000000
0x00000007125fd978:   00000004d74eec20 000001f100079e48
0x00000007125fd988:   00000007125fd940 00000007125fd9c0
0x00000007125fd998:   00000007125fda18 000001f15c3889b8
0x00000007125fd9a8:   0000000000000000 0000000000000000
0x00000007125fd9b8:   0000000000000000 00000004d89e2878
0x00000007125fd9c8:   00000004dba1b2d0 00000007125fd9d0
0x00000007125fd9d8:   000001f1006be704 0000000000000003
0x00000007125fd9e8:   000001f1000750a0 0000000000000000
0x00000007125fd9f8:   00000004d74eec20 000001f1000779d8
0x00000007125fda08:   00000007125fd9c0 00000007125fda28
0x00000007125fda18:   00000007125fda80 000001f15c3889b8
0x00000007125fda28:   00000004d89e2878 00000004dba1b2d0
0x00000007125fda38:   00000007125fda38 000001f1006bdfec
0x00000007125fda48:   0000000000000004 000001f1000750a0
0x00000007125fda58:   0000000000000000 00000004d74eec20
0x00000007125fda68:   000001f100077770 00000007125fda28
0x00000007125fda78:   00000007125fda98 00000007125fdaf0
0x00000007125fda88:   000001f15c3889b8 0000000000000000
0x00000007125fda98:   00000004d89e2878 00000004dba1b2d0
0x00000007125fdaa8:   00000007125fdaa8 000001f16e434f8a
0x00000007125fdab8:   0000000000000005 000001f16e436530
0x00000007125fdac8:   0000000000000000 00000004d8a5e6d8
0x00000007125fdad8:   000001f16e434fd0 00000007125fda98
0x00000007125fdae8:   00000007125fdb10 00000007125fdb68
0x00000007125fdaf8:   000001f15c3889b8 00000000ffffffff
0x00000007125fdb08:   00000004dba1b2d0 00000004dba1a4b0
0x00000007125fdb18:   00000004d89e2858 00000007125fdb20
0x00000007125fdb28:   000001f16e43d568 0000000000000002 

Instructions: (pc=0x000001f15c39966a)
0x000001f15c39956a:   41 83 ed 01 4e 8b 6c ec 08 4d 85 ed 75 07 48 83
0x000001f15c39957a:   48 08 01 eb 4a 45 8b 6d 08 49 ba 00 00 00 00 f1
0x000001f15c39958a:   01 00 00 4d 03 ea 4c 33 68 08 49 f7 c5 fc ff ff
0x000001f15c39959a:   ff 74 2c 41 f6 c5 02 75 26 48 83 78 08 00 74 1b
0x000001f15c3995aa:   48 83 78 08 01 74 14 4c 33 68 08 49 f7 c5 fc ff
0x000001f15c3995ba:   ff ff 74 0b 48 83 48 08 02 eb 04 4c 89 68 08 48
0x000001f15c3995ca:   83 c0 10 4c 8b 68 e8 41 83 ed 02 41 83 fd 02 0f
0x000001f15c3995da:   8c 77 00 00 00 4c 8b 6b 08 45 0f b7 6d 2e 4c 2b
0x000001f15c3995ea:   28 41 83 ed 01 4e 8b 6c ec 08 4d 85 ed 75 07 48
0x000001f15c3995fa:   83 48 08 01 eb 4a 45 8b 6d 08 49 ba 00 00 00 00
0x000001f15c39960a:   f1 01 00 00 4d 03 ea 4c 33 68 08 49 f7 c5 fc ff
0x000001f15c39961a:   ff ff 74 2c 41 f6 c5 02 75 26 48 83 78 08 00 74
0x000001f15c39962a:   1b 48 83 78 08 01 74 14 4c 33 68 08 49 f7 c5 fc
0x000001f15c39963a:   ff ff ff 74 0b 48 83 48 08 02 eb 04 4c 89 68 08
0x000001f15c39964a:   48 83 c0 10 4c 8b 68 d8 41 83 ed 04 41 c1 e5 03
0x000001f15c39965a:   49 03 c5 48 89 45 d8 4c 8d 6c 24 08 4c 89 6d f0
0x000001f15c39966a:   ff 63 50 66 66 90 d0 67 bc 88 fe 7f 00 00 b8 02
0x000001f15c39967a:   00 00 b8 00 00 00 48 83 ec 08 c5 fa 11 04 24 eb
0x000001f15c39968a:   1f 48 83 ec 10 c5 fb 11 04 24 eb 14 48 83 ec 10
0x000001f15c39969a:   48 89 04 24 48 c7 44 24 08 00 00 00 00 eb 01 50
0x000001f15c3996aa:   4c 89 6d c0 41 0f b7 55 01 48 8b 4d d0 c1 e2 02
0x000001f15c3996ba:   8b 5c d1 38 c1 eb 10 81 e3 ff 00 00 00 81 fb b8
0x000001f15c3996ca:   00 00 00 0f 84 b4 00 00 00 bb b8 00 00 00 e8 05
0x000001f15c3996da:   00 00 00 e9 99 00 00 00 48 8b d3 48 8d 44 24 08
0x000001f15c3996ea:   4c 89 6d c0 49 8b cf c5 f8 77 49 89 af a8 03 00
0x000001f15c3996fa:   00 49 89 87 98 03 00 00 48 83 ec 20 40 f6 c4 0f
0x000001f15c39970a:   0f 84 19 00 00 00 48 83 ec 08 48 b8 70 69 60 88
0x000001f15c39971a:   fe 7f 00 00 ff d0 48 83 c4 08 e9 0c 00 00 00 48
0x000001f15c39972a:   b8 70 69 60 88 fe 7f 00 00 ff d0 48 83 c4 20 49
0x000001f15c39973a:   c7 87 98 03 00 00 00 00 00 00 49 c7 87 a8 03 00
0x000001f15c39974a:   00 00 00 00 00 49 c7 87 a0 03 00 00 00 00 00 00
0x000001f15c39975a:   c5 f8 77 49 83 7f 08 00 0f 84 05 00 00 00 e9 93 


Stack slot to memory mapping:

stack at sp + 0 slots: 0x000001f15c388846 is at code_begin+1158 in an Interpreter codelet
return entry points  [0x000001f15c3883c0, 0x000001f15c388f18]  2904 bytes
stack at sp + 1 slots: 0x00000004dba1b2f8 is an oop: java.math.MutableBigInteger 
{0x00000004dba1b2f8} - klass: 'java/math/MutableBigInteger'
 - ---- fields (total size 3 words):
 - 'intLen' 'I' @12  0 (0x00000000)
 - 'offset' 'I' @16  0 (0x00000000)
 - 'value' '[I' @20  null (0x00000000)
stack at sp + 2 slots: 0x00000004dba1b2f8 is an oop: java.math.MutableBigInteger 
{0x00000004dba1b2f8} - klass: 'java/math/MutableBigInteger'
 - ---- fields (total size 3 words):
 - 'intLen' 'I' @12  0 (0x00000000)
 - 'offset' 'I' @16  0 (0x00000000)
 - 'value' '[I' @20  null (0x00000000)
stack at sp + 3 slots: 0x00000007125fd950 is pointing into the stack for thread: 0x000001f1737e4f30
stack at sp + 4 slots: 0x000001f1006c6a34 is pointing into metadata
stack at sp + 5 slots: 0x0000000000000006 is an unknown value
stack at sp + 6 slots: 0x000001f1000750a0 is pointing into metadata
stack at sp + 7 slots: 0x0 is null

invokespecial  183 invokespecial  [0x000001f15c3993e0, 0x000001f15c399670]  656 bytes
[MachCode]
  0x000001f15c3993e0: 4883 ec08 | c5fa 1104 | 24eb 1f48 | 83ec 10c5 | fb11 0424 | eb14 4883 | ec10 4889 | 0424 48c7 
  0x000001f15c399400: 4424 0800 | 0000 00eb | 0150 4c89 | 6dc0 410f | b755 0148 | 8b4d d0c1 | e202 8b5c | d138 c1eb 
  0x000001f15c399420: 1081 e3ff | 0000 0081 | fbb7 0000 | 000f 84b4 | 0000 00bb | b700 0000 | e805 0000 | 00e9 9900 
  0x000001f15c399440: 0000 488b | d348 8d44 | 2408 4c89 | 6dc0 498b | cfc5 f877 | 4989 afa8 | 0300 0049 | 8987 9803 
  0x000001f15c399460: 0000 4883 | ec20 40f6 | c40f 0f84 | 1900 0000 | 4883 ec08 | 48b8 7069 | 6088 fe7f | 0000 ffd0 
  0x000001f15c399480: 4883 c408 | e90c 0000 | 0048 b870 | 6960 88fe | 7f00 00ff | d048 83c4 | 2049 c787 | 9803 0000 
  0x000001f15c3994a0: 0000 0000 | 49c7 87a8 | 0300 0000 | 0000 0049 | c787 a003 | 0000 0000 | 0000 c5f8 | 7749 837f 
  0x000001f15c3994c0: 0800 0f84 | 0500 0000 | e933 7afe | ff4c 8b6d | c04c 8b75 | c84e 8d74 | f500 c341 | 0fb7 5501 
  0x000001f15c3994e0: 488b 4dd0 | c1e2 0248 | 8b5c d140 | 8b54 d150 | 8bca 81e1 | ff00 0000 | 488b 4ccc | f8c1 ea1c 
  0x000001f15c399500: 49ba 909e | e788 fe7f | 0000 498b | 14d2 5248 | 3b01 488b | 45d8 4885 | c00f 8412 | 0000 0048 
  0x000001f15c399520: 8340 0801 | 4883 5808 | 0048 83c0 | 1048 8945 | d848 8b45 | d848 85c0 | 0f84 2301 | 0000 8078 
  0x000001f15c399540: f00a 0f85 | 1901 0000 | 4883 c008 | 4c8b 68f8 | 4183 ed00 | 4183 fd02 | 0f8c f800 | 0000 4c8b 
  0x000001f15c399560: 6b08 450f | b76d 2e4c | 2b28 4183 | ed01 4e8b | 6cec 084d | 85ed 7507 | 4883 4808 | 01eb 4a45 
  0x000001f15c399580: 8b6d 0849 | ba00 0000 | 00f1 0100 | 004d 03ea | 4c33 6808 | 49f7 c5fc | ffff ff74 | 2c41 f6c5 
  0x000001f15c3995a0: 0275 2648 | 8378 0800 | 741b 4883 | 7808 0174 | 144c 3368 | 0849 f7c5 | fcff ffff | 740b 4883 
  0x000001f15c3995c0: 4808 02eb | 044c 8968 | 0848 83c0 | 104c 8b68 | e841 83ed | 0241 83fd | 020f 8c77 | 0000 004c 
  0x000001f15c3995e0: 8b6b 0845 | 0fb7 6d2e | 4c2b 2841 | 83ed 014e | 8b6c ec08 | 4d85 ed75 | 0748 8348 | 0801 eb4a 
  0x000001f15c399600: 458b 6d08 | 49ba 0000 | 0000 f101 | 0000 4d03 | ea4c 3368 | 0849 f7c5 | fcff ffff | 742c 41f6 
  0x000001f15c399620: c502 7526 | 4883 7808 | 0074 1b48 | 8378 0801 | 7414 4c33 | 6808 49f7 | c5fc ffff | ff74 0b48 
  0x000001f15c399640: 8348 0802 | eb04 4c89 | 6808 4883 | c010 4c8b | 68d8 4183 | ed04 41c1 | e503 4903 | c548 8945 
  0x000001f15c399660: d84c 8d6c | 2408 4c89 | 6df0 ff63 | 5066 6690 
[/MachCode]

---------------  P R O C E S S  ---------------

Threads class SMR info:
_java_thread_list=0x000001f176801f70, length=31, elements={
0x000001f16b920960, 0x000001f16b921880, 0x000001f16b924b20, 0x000001f16b925780,
0x000001f16b928550, 0x000001f170008090, 0x000001f170008a30, 0x000001f16b92e660,
0x000001f170116390, 0x000001f1701142c0, 0x000001f170114950, 0x000001f170115d00,
0x000001f170112f10, 0x000001f1737e83b0, 0x000001f1737e6970, 0x000001f1737e90d0,
0x000001f1737e7000, 0x000001f1737e8a40, 0x000001f1737e4210, 0x000001f1737eb1a0,
0x000001f1737e9760, 0x000001f1737eb830, 0x000001f1737e62e0, 0x000001f1737eab10,
0x000001f1737e9df0, 0x000001f1737e7690, 0x000001f1737e7d20, 0x000001f1737e55c0,
0x000001f1737ea480, 0x000001f1737e48a0, 0x000001f1737e4f30
}

Java Threads: ( => current thread )
  0x000001f16b920960 JavaThread "Reference Handler"          daemon [_thread_blocked, id=21652, stack(0x0000000712f00000,0x0000000713000000) (1024K)]
  0x000001f16b921880 JavaThread "Finalizer"                  daemon [_thread_blocked, id=10312, stack(0x0000000713000000,0x0000000713100000) (1024K)]
  0x000001f16b924b20 JavaThread "Signal Dispatcher"          daemon [_thread_blocked, id=18676, stack(0x0000000713100000,0x0000000713200000) (1024K)]
  0x000001f16b925780 JavaThread "Attach Listener"            daemon [_thread_blocked, id=3732, stack(0x0000000713200000,0x0000000713300000) (1024K)]
  0x000001f16b928550 JavaThread "Service Thread"             daemon [_thread_blocked, id=21424, stack(0x0000000713300000,0x0000000713400000) (1024K)]
  0x000001f170008090 JavaThread "Monitor Deflation Thread"   daemon [_thread_blocked, id=4520, stack(0x0000000713400000,0x0000000713500000) (1024K)]
  0x000001f170008a30 JavaThread "C2 CompilerThread0"         daemon [_thread_blocked, id=22404, stack(0x0000000713500000,0x0000000713600000) (1024K)]
  0x000001f16b92e660 JavaThread "C1 CompilerThread0"         daemon [_thread_blocked, id=13032, stack(0x0000000713600000,0x0000000713700000) (1024K)]
  0x000001f170116390 JavaThread "Common-Cleaner"             daemon [_thread_blocked, id=22088, stack(0x0000000713700000,0x0000000713800000) (1024K)]
  0x000001f1701142c0 JavaThread "Monitor Ctrl-Break"         daemon [_thread_in_native, id=10404, stack(0x0000000713900000,0x0000000713a00000) (1024K)]
  0x000001f170114950 JavaThread "Notification Thread"        daemon [_thread_blocked, id=17228, stack(0x0000000713a00000,0x0000000713b00000) (1024K)]
  0x000001f170115d00 JavaThread "mysql-cj-abandoned-connection-cleanup" daemon [_thread_blocked, id=2440, stack(0x0000000714400000,0x0000000714500000) (1024K)]
  0x000001f170112f10 JavaThread "HikariPool-1 housekeeper"   daemon [_thread_blocked, id=21620, stack(0x0000000714600000,0x0000000714700000) (1024K)]
  0x000001f1737e83b0 JavaThread "Catalina-utility-1"                [_thread_blocked, id=19800, stack(0x0000000714800000,0x0000000714900000) (1024K)]
  0x000001f1737e6970 JavaThread "Catalina-utility-2"                [_thread_blocked, id=14068, stack(0x0000000714900000,0x0000000714a00000) (1024K)]
  0x000001f1737e90d0 JavaThread "container-0"                       [_thread_blocked, id=22508, stack(0x0000000714a00000,0x0000000714b00000) (1024K)]
  0x000001f1737e7000 JavaThread "http-nio-8080-exec-1"       daemon [_thread_blocked, id=11392, stack(0x0000000714b00000,0x0000000714c00000) (1024K)]
  0x000001f1737e8a40 JavaThread "http-nio-8080-exec-2"       daemon [_thread_blocked, id=21796, stack(0x0000000714c00000,0x0000000714d00000) (1024K)]
  0x000001f1737e4210 JavaThread "http-nio-8080-exec-3"       daemon [_thread_blocked, id=9540, stack(0x0000000714d00000,0x0000000714e00000) (1024K)]
  0x000001f1737eb1a0 JavaThread "http-nio-8080-exec-4"       daemon [_thread_blocked, id=14176, stack(0x0000000714e00000,0x0000000714f00000) (1024K)]
  0x000001f1737e9760 JavaThread "http-nio-8080-exec-5"       daemon [_thread_blocked, id=14132, stack(0x0000000714f00000,0x0000000715000000) (1024K)]
  0x000001f1737eb830 JavaThread "http-nio-8080-exec-6"       daemon [_thread_blocked, id=19540, stack(0x0000000715000000,0x0000000715100000) (1024K)]
  0x000001f1737e62e0 JavaThread "http-nio-8080-exec-7"       daemon [_thread_blocked, id=8492, stack(0x0000000715100000,0x0000000715200000) (1024K)]
  0x000001f1737eab10 JavaThread "http-nio-8080-exec-8"       daemon [_thread_blocked, id=4212, stack(0x0000000715200000,0x0000000715300000) (1024K)]
  0x000001f1737e9df0 JavaThread "http-nio-8080-exec-9"       daemon [_thread_blocked, id=5848, stack(0x0000000715300000,0x0000000715400000) (1024K)]
  0x000001f1737e7690 JavaThread "http-nio-8080-exec-10"      daemon [_thread_blocked, id=19404, stack(0x0000000715400000,0x0000000715500000) (1024K)]
  0x000001f1737e7d20 JavaThread "http-nio-8080-Poller"       daemon [_thread_in_native, id=6544, stack(0x0000000715500000,0x0000000715600000) (1024K)]
  0x000001f1737e55c0 JavaThread "http-nio-8080-Acceptor"     daemon [_thread_in_native, id=7668, stack(0x0000000715600000,0x0000000715700000) (1024K)]
  0x000001f1737ea480 JavaThread "DestroyJavaVM"                     [_thread_blocked, id=16036, stack(0x0000000712700000,0x0000000712800000) (1024K)]
  0x000001f1737e48a0 JavaThread "HikariPool-1 connection closer" daemon [_thread_blocked, id=18036, stack(0x0000000712400000,0x0000000712500000) (1024K)]
=>0x000001f1737e4f30 JavaThread "HikariPool-1 connection adder" daemon [_thread_in_Java, id=16244, stack(0x0000000712500000,0x0000000712600000) (1024K)]
Total: 31

Other Threads:
  0x000001f16b900e00 VMThread "VM Thread"                           [id=14244, stack(0x0000000712e00000,0x0000000712f00000) (1024K)]
  0x000001f16b8e7930 WatcherThread "VM Periodic Task Thread"        [id=20604, stack(0x0000000712d00000,0x0000000712e00000) (1024K)]
  0x000001f14ca70dd0 WorkerThread "GC Thread#0"                     [id=3900, stack(0x0000000712800000,0x0000000712900000) (1024K)]
  0x000001f170bf8c10 WorkerThread "GC Thread#1"                     [id=10248, stack(0x0000000713c00000,0x0000000713d00000) (1024K)]
  0x000001f170c3f180 WorkerThread "GC Thread#2"                     [id=2764, stack(0x0000000713d00000,0x0000000713e00000) (1024K)]
  0x000001f170c3f520 WorkerThread "GC Thread#3"                     [id=19124, stack(0x0000000713e00000,0x0000000713f00000) (1024K)]
  0x000001f170c3f8c0 WorkerThread "GC Thread#4"                     [id=15692, stack(0x0000000713f00000,0x0000000714000000) (1024K)]
  0x000001f170ce9790 WorkerThread "GC Thread#5"                     [id=15776, stack(0x0000000714000000,0x0000000714100000) (1024K)]
  0x000001f171027a60 WorkerThread "GC Thread#6"                     [id=10264, stack(0x0000000714200000,0x0000000714300000) (1024K)]
  0x000001f171049420 WorkerThread "GC Thread#7"                     [id=21488, stack(0x0000000714300000,0x0000000714400000) (1024K)]
  0x000001f14a99bf80 ConcurrentGCThread "G1 Main Marker"            [id=18964, stack(0x0000000712900000,0x0000000712a00000) (1024K)]
  0x000001f14a99c890 WorkerThread "G1 Conc#0"                       [id=17748, stack(0x0000000712a00000,0x0000000712b00000) (1024K)]
  0x000001f171055830 WorkerThread "G1 Conc#1"                       [id=140, stack(0x0000000714100000,0x0000000714200000) (1024K)]
  0x000001f14cabe2e0 ConcurrentGCThread "G1 Refine#0"               [id=13612, stack(0x0000000712b00000,0x0000000712c00000) (1024K)]
  0x000001f16b7be470 ConcurrentGCThread "G1 Service"                [id=20928, stack(0x0000000712c00000,0x0000000712d00000) (1024K)]
Total: 15

Threads with active compile tasks:
Total: 0

VM state: not at safepoint (normal execution)

VM Mutex/Monitor currently owned by a thread: None

Heap address: 0x00000004d7200000, size: 4052 MB, Compressed Oops mode: Zero based, Oop shift amount: 3

CDS archive(s) mapped at: [0x000001f100000000-0x000001f100c90000-0x000001f100c90000), size 13172736, SharedBaseAddress: 0x000001f100000000, ArchiveRelocationMode: 1.
Compressed class space mapped at: 0x000001f101000000-0x000001f141000000, reserved size: 1073741824
Narrow klass base: 0x000001f100000000, Narrow klass shift: 0, Narrow klass range: 0x100000000

GC Precious Log:
 CardTable entry size: 512
 Card Set container configuration: InlinePtr #cards 4 size 8 Array Of Cards #cards 16 size 48 Howl #buckets 8 coarsen threshold 3686 Howl Bitmap #cards 512 size 80 coarsen threshold 460 Card regions per heap region 1 cards per card region 4096
 CPUs: 8 total, 8 available
 Memory: 16204M
 Large Page Support: Disabled
 NUMA Support: Disabled
 Compressed Oops: Enabled (Zero based)
 Heap Region Size: 2M
 Heap Min Capacity: 8M
 Heap Initial Capacity: 254M
 Heap Max Capacity: 4052M
 Pre-touch: Disabled
 Parallel Workers: 8
 Concurrent Workers: 2
 Concurrent Refinement Workers: 8
 Periodic GC: Disabled

Heap:
 garbage-first heap   total 98304K, used 56537K [0x00000004d7200000, 0x00000005d4600000)
  region size 2048K, 16 young (32768K), 4 survivors (8192K)
 Metaspace       used 74269K, committed 75008K, reserved 1114112K
  class space    used 9978K, committed 10304K, reserved 1048576K

Heap Regions: E=young(eden), S=young(survivor), O=old, HS=humongous(starts), HC=humongous(continues), CS=collection set, F=free, TAMS=top-at-mark-start, PB=parsable bottom
|   0|0x00000004d7200000, 0x00000004d7400000, 0x00000004d7400000|100%| O|  |TAMS 0x00000004d7200000| PB 0x00000004d7200000| Untracked 
|   1|0x00000004d7400000, 0x00000004d7600000, 0x00000004d7600000|100%| O|  |TAMS 0x00000004d7400000| PB 0x00000004d7400000| Untracked 
|   2|0x00000004d7600000, 0x00000004d7800000, 0x00000004d7800000|100%| O|  |TAMS 0x00000004d7600000| PB 0x00000004d7600000| Untracked 
|   3|0x00000004d7800000, 0x00000004d7a00000, 0x00000004d7a00000|100%| O|  |TAMS 0x00000004d7800000| PB 0x00000004d7800000| Untracked 
|   4|0x00000004d7a00000, 0x00000004d7bedf38, 0x00000004d7c00000| 96%| O|  |TAMS 0x00000004d7a00000| PB 0x00000004d7a00000| Untracked 
|   5|0x00000004d7c00000, 0x00000004d7e00000, 0x00000004d7e00000|100%| O|  |TAMS 0x00000004d7c00000| PB 0x00000004d7c00000| Untracked 
|   6|0x00000004d7e00000, 0x00000004d8000000, 0x00000004d8000000|100%| O|  |TAMS 0x00000004d7e00000| PB 0x00000004d7e00000| Untracked 
|   7|0x00000004d8000000, 0x00000004d8200000, 0x00000004d8200000|100%| O|  |TAMS 0x00000004d8000000| PB 0x00000004d8000000| Untracked 
|   8|0x00000004d8200000, 0x00000004d8200000, 0x00000004d8400000|  0%| F|  |TAMS 0x00000004d8200000| PB 0x00000004d8200000| Untracked 
|   9|0x00000004d8400000, 0x00000004d8600000, 0x00000004d8600000|100%| O|  |TAMS 0x00000004d8400000| PB 0x00000004d8400000| Untracked 
|  10|0x00000004d8600000, 0x00000004d8800000, 0x00000004d8800000|100%| O|  |TAMS 0x00000004d8600000| PB 0x00000004d8600000| Untracked 
|  11|0x00000004d8800000, 0x00000004d8a00000, 0x00000004d8a00000|100%| O|  |TAMS 0x00000004d8800000| PB 0x00000004d8800000| Untracked 
|  12|0x00000004d8a00000, 0x00000004d8c00000, 0x00000004d8c00000|100%| O|  |TAMS 0x00000004d8a00000| PB 0x00000004d8a00000| Untracked 
|  13|0x00000004d8c00000, 0x00000004d8c00000, 0x00000004d8e00000|  0%| F|  |TAMS 0x00000004d8c00000| PB 0x00000004d8c00000| Untracked 
|  14|0x00000004d8e00000, 0x00000004d8e00000, 0x00000004d9000000|  0%| F|  |TAMS 0x00000004d8e00000| PB 0x00000004d8e00000| Untracked 
|  15|0x00000004d9000000, 0x00000004d9000000, 0x00000004d9200000|  0%| F|  |TAMS 0x00000004d9000000| PB 0x00000004d9000000| Untracked 
|  16|0x00000004d9200000, 0x00000004d9400000, 0x00000004d9400000|100%| O|  |TAMS 0x00000004d9200000| PB 0x00000004d9200000| Untracked 
|  17|0x00000004d9400000, 0x00000004d9400000, 0x00000004d9600000|  0%| F|  |TAMS 0x00000004d9400000| PB 0x00000004d9400000| Untracked 
|  18|0x00000004d9600000, 0x00000004d9600000, 0x00000004d9800000|  0%| F|  |TAMS 0x00000004d9600000| PB 0x00000004d9600000| Untracked 
|  19|0x00000004d9800000, 0x00000004d9948638, 0x00000004d9a00000| 64%| S|CS|TAMS 0x00000004d9800000| PB 0x00000004d9800000| Complete 
|  20|0x00000004d9a00000, 0x00000004d9c00000, 0x00000004d9c00000|100%| S|CS|TAMS 0x00000004d9a00000| PB 0x00000004d9a00000| Complete 
|  21|0x00000004d9c00000, 0x00000004d9e00000, 0x00000004d9e00000|100%| S|CS|TAMS 0x00000004d9c00000| PB 0x00000004d9c00000| Complete 
|  22|0x00000004d9e00000, 0x00000004da000000, 0x00000004da000000|100%| S|CS|TAMS 0x00000004d9e00000| PB 0x00000004d9e00000| Complete 
|  23|0x00000004da000000, 0x00000004da000000, 0x00000004da200000|  0%| F|  |TAMS 0x00000004da000000| PB 0x00000004da000000| Untracked 
|  24|0x00000004da200000, 0x00000004da200000, 0x00000004da400000|  0%| F|  |TAMS 0x00000004da200000| PB 0x00000004da200000| Untracked 
|  25|0x00000004da400000, 0x00000004da400000, 0x00000004da600000|  0%| F|  |TAMS 0x00000004da400000| PB 0x00000004da400000| Untracked 
|  26|0x00000004da600000, 0x00000004da600000, 0x00000004da800000|  0%| F|  |TAMS 0x00000004da600000| PB 0x00000004da600000| Untracked 
|  27|0x00000004da800000, 0x00000004da800000, 0x00000004daa00000|  0%| F|  |TAMS 0x00000004da800000| PB 0x00000004da800000| Untracked 
|  28|0x00000004daa00000, 0x00000004daa00000, 0x00000004dac00000|  0%| F|  |TAMS 0x00000004daa00000| PB 0x00000004daa00000| Untracked 
|  29|0x00000004dac00000, 0x00000004dac00000, 0x00000004dae00000|  0%| F|  |TAMS 0x00000004dac00000| PB 0x00000004dac00000| Untracked 
|  30|0x00000004dae00000, 0x00000004dae00000, 0x00000004db000000|  0%| F|  |TAMS 0x00000004dae00000| PB 0x00000004dae00000| Untracked 
|  31|0x00000004db000000, 0x00000004db000000, 0x00000004db200000|  0%| F|  |TAMS 0x00000004db000000| PB 0x00000004db000000| Untracked 
|  32|0x00000004db200000, 0x00000004db200000, 0x00000004db400000|  0%| F|  |TAMS 0x00000004db200000| PB 0x00000004db200000| Untracked 
|  33|0x00000004db400000, 0x00000004db400000, 0x00000004db600000|  0%| F|  |TAMS 0x00000004db400000| PB 0x00000004db400000| Untracked 
|  34|0x00000004db600000, 0x00000004db600000, 0x00000004db800000|  0%| F|  |TAMS 0x00000004db600000| PB 0x00000004db600000| Untracked 
|  35|0x00000004db800000, 0x00000004db800000, 0x00000004dba00000|  0%| F|  |TAMS 0x00000004db800000| PB 0x00000004db800000| Untracked 
|  36|0x00000004dba00000, 0x00000004dba62d78, 0x00000004dbc00000| 19%| E|  |TAMS 0x00000004dba00000| PB 0x00000004dba00000| Complete 
|  37|0x00000004dbc00000, 0x00000004dbe00000, 0x00000004dbe00000|100%| E|CS|TAMS 0x00000004dbc00000| PB 0x00000004dbc00000| Complete 
|  38|0x00000004dbe00000, 0x00000004dc000000, 0x00000004dc000000|100%| E|CS|TAMS 0x00000004dbe00000| PB 0x00000004dbe00000| Complete 
|  39|0x00000004dc000000, 0x00000004dc200000, 0x00000004dc200000|100%| E|CS|TAMS 0x00000004dc000000| PB 0x00000004dc000000| Complete 
|  40|0x00000004dc200000, 0x00000004dc400000, 0x00000004dc400000|100%| E|CS|TAMS 0x00000004dc200000| PB 0x00000004dc200000| Complete 
|  41|0x00000004dc400000, 0x00000004dc600000, 0x00000004dc600000|100%| E|CS|TAMS 0x00000004dc400000| PB 0x00000004dc400000| Complete 
|  42|0x00000004dc600000, 0x00000004dc800000, 0x00000004dc800000|100%| E|CS|TAMS 0x00000004dc600000| PB 0x00000004dc600000| Complete 
|  43|0x00000004dc800000, 0x00000004dca00000, 0x00000004dca00000|100%| E|CS|TAMS 0x00000004dc800000| PB 0x00000004dc800000| Complete 
|  99|0x00000004e3800000, 0x00000004e3a00000, 0x00000004e3a00000|100%| E|CS|TAMS 0x00000004e3800000| PB 0x00000004e3800000| Complete 
| 100|0x00000004e3a00000, 0x00000004e3c00000, 0x00000004e3c00000|100%| E|CS|TAMS 0x00000004e3a00000| PB 0x00000004e3a00000| Complete 
| 101|0x00000004e3c00000, 0x00000004e3e00000, 0x00000004e3e00000|100%| E|CS|TAMS 0x00000004e3c00000| PB 0x00000004e3c00000| Complete 
| 126|0x00000004e6e00000, 0x00000004e7000000, 0x00000004e7000000|100%| E|CS|TAMS 0x00000004e6e00000| PB 0x00000004e6e00000| Complete 

Card table byte_map: [0x000001f164970000,0x000001f165160000] _byte_map_base: 0x000001f1622b7000

Marking Bits: (CMBitMap*) 0x000001f14ca714d0
 Bits: [0x000001f165160000, 0x000001f1690b0000)

Polling page: 0x000001f14aa00000

Metaspace:

Usage:
  Non-class:     62.78 MB used.
      Class:      9.74 MB used.
       Both:     72.53 MB used.

Virtual space:
  Non-class space:       64.00 MB reserved,      63.19 MB ( 99%) committed,  1 nodes.
      Class space:        1.00 GB reserved,      10.06 MB ( <1%) committed,  1 nodes.
             Both:        1.06 GB reserved,      73.25 MB (  7%) committed. 

Chunk freelists:
   Non-Class:  384.00 KB
       Class:  5.77 MB
        Both:  6.14 MB

MaxMetaspaceSize: unlimited
CompressedClassSpaceSize: 1.00 GB
Initial GC threshold: 21.00 MB
Current GC threshold: 99.19 MB
CDS: on
 - commit_granule_bytes: 65536.
 - commit_granule_words: 8192.
 - virtual_space_node_default_size: 8388608.
 - enlarge_chunks_in_place: 1.
 - use_allocation_guard: 0.


Internal statistics:

num_allocs_failed_limit: 12.
num_arena_births: 1022.
num_arena_deaths: 0.
num_vsnodes_births: 2.
num_vsnodes_deaths: 0.
num_space_committed: 1172.
num_space_uncommitted: 0.
num_chunks_returned_to_freelist: 12.
num_chunks_taken_from_freelist: 3662.
num_chunk_merges: 12.
num_chunk_splits: 2608.
num_chunks_enlarged: 2009.
num_inconsistent_stats: 0.

CodeHeap 'non-profiled nmethods': size=120000Kb used=4735Kb max_used=4735Kb free=115264Kb
 bounds [0x000001f15c920000, 0x000001f15cdc0000, 0x000001f163e50000]
CodeHeap 'profiled nmethods': size=120000Kb used=13473Kb max_used=13473Kb free=106526Kb
 bounds [0x000001f154e50000, 0x000001f155b80000, 0x000001f15c380000]
CodeHeap 'non-nmethods': size=5760Kb used=1746Kb max_used=1892Kb free=4013Kb
 bounds [0x000001f15c380000, 0x000001f15c5f0000, 0x000001f15c920000]
 total_blobs=7585 nmethods=6821 adapters=667
 compilation: enabled
              stopped_count=0, restarted_count=0
 full_count=0

Compilation events (20 events):
Event: 3500.959 Thread 0x000001f170008a30 nmethod 7450 0x000001f15cdb7a90 code [0x000001f15cdb7c20, 0x000001f15cdb7cc0]
Event: 3500.959 Thread 0x000001f170008a30 7431       4       java.lang.invoke.InvokerBytecodeGenerator::emitImplicitConversion (161 bytes)
Event: 3500.966 Thread 0x000001f16b92e660 7466       3       org.apache.tomcat.util.buf.AbstractChunk::getLength (10 bytes)
Event: 3500.966 Thread 0x000001f16b92e660 nmethod 7466 0x000001f155b6da90 code [0x000001f155b6dc20, 0x000001f155b6dd38]
Event: 3500.967 Thread 0x000001f16b92e660 7467       3       java.util.HashMap::clear (50 bytes)
Event: 3500.967 Thread 0x000001f16b92e660 nmethod 7467 0x000001f155b6de10 code [0x000001f155b6dfc0, 0x000001f155b6e3a8]
Event: 3500.979 Thread 0x000001f170008a30 nmethod 7431 0x000001f15cdb7d90 code [0x000001f15cdb80a0, 0x000001f15cdb92c0]
Event: 3500.979 Thread 0x000001f170008a30 7435       4       java.nio.Buffer::rewind (12 bytes)
Event: 3500.980 Thread 0x000001f170008a30 nmethod 7435 0x000001f15cdb9f10 code [0x000001f15cdba0a0, 0x000001f15cdba138]
Event: 3500.982 Thread 0x000001f175198740 nmethod 7439% 0x000001f15cdba210 code [0x000001f15cdba520, 0x000001f15cdbbed8]
Event: 3527.260 Thread 0x000001f16b92e660 7468       3       javax.crypto.Cipher::updateAAD (24 bytes)
Event: 3527.260 Thread 0x000001f170008a30 7470       4       java.util.Properties::containsKey (9 bytes)
Event: 3527.261 Thread 0x000001f16b92e660 nmethod 7468 0x000001f155b6e490 code [0x000001f155b6e660, 0x000001f155b6e8b0]
Event: 3527.261 Thread 0x000001f16b92e660 7471       3       com.mysql.cj.conf.AbstractRuntimeProperty::initializeFrom (108 bytes)
Event: 3527.261 Thread 0x000001f16b92e660 nmethod 7471 0x000001f155b6e990 code [0x000001f155b6ec40, 0x000001f155b70260]
Event: 3527.261 Thread 0x000001f16b92e660 7469       3       javax.crypto.Cipher::updateAAD (55 bytes)
Event: 3527.262 Thread 0x000001f16b92e660 nmethod 7469 0x000001f155b70710 code [0x000001f155b70900, 0x000001f155b70e30]
Event: 3527.262 Thread 0x000001f16b92e660 7472       3       javax.crypto.Cipher::doFinal (68 bytes)
Event: 3527.262 Thread 0x000001f16b92e660 nmethod 7472 0x000001f155b70f90 code [0x000001f155b711c0, 0x000001f155b71870]
Event: 3527.264 Thread 0x000001f170008a30 nmethod 7470 0x000001f15cdbce90 code [0x000001f15cdbd060, 0x000001f15cdbd450]

GC Heap History (20 events):
Event: 0.988 GC heap before
{Heap before GC invocations=1 (full 0):
 garbage-first heap   total 260096K, used 32494K [0x00000004d7200000, 0x00000005d4600000)
  region size 2048K, 15 young (30720K), 2 survivors (4096K)
 Metaspace       used 12120K, committed 12416K, reserved 1114112K
  class space    used 1606K, committed 1728K, reserved 1048576K
}
Event: 0.993 GC heap after
{Heap after GC invocations=2 (full 0):
 garbage-first heap   total 260096K, used 11048K [0x00000004d7200000, 0x00000005d4600000)
  region size 2048K, 2 young (4096K), 2 survivors (4096K)
 Metaspace       used 12120K, committed 12416K, reserved 1114112K
  class space    used 1606K, committed 1728K, reserved 1048576K
}
Event: 1.409 GC heap before
{Heap before GC invocations=2 (full 0):
 garbage-first heap   total 260096K, used 52008K [0x00000004d7200000, 0x00000005d4600000)
  region size 2048K, 24 young (49152K), 2 survivors (4096K)
 Metaspace       used 21168K, committed 21504K, reserved 1114112K
  class space    used 2644K, committed 2816K, reserved 1048576K
}
Event: 1.414 GC heap after
{Heap after GC invocations=3 (full 0):
 garbage-first heap   total 260096K, used 15593K [0x00000004d7200000, 0x00000005d4600000)
  region size 2048K, 4 young (8192K), 4 survivors (8192K)
 Metaspace       used 21168K, committed 21504K, reserved 1114112K
  class space    used 2644K, committed 2816K, reserved 1048576K
}
Event: 1.933 GC heap before
{Heap before GC invocations=4 (full 0):
 garbage-first heap   total 69632K, used 48361K [0x00000004d7200000, 0x00000005d4600000)
  region size 2048K, 20 young (40960K), 4 survivors (8192K)
 Metaspace       used 25658K, committed 26048K, reserved 1114112K
  class space    used 3247K, committed 3456K, reserved 1048576K
}
Event: 1.939 GC heap after
{Heap after GC invocations=5 (full 0):
 garbage-first heap   total 69632K, used 17645K [0x00000004d7200000, 0x00000005d4600000)
  region size 2048K, 2 young (4096K), 2 survivors (4096K)
 Metaspace       used 25658K, committed 26048K, reserved 1114112K
  class space    used 3247K, committed 3456K, reserved 1048576K
}
Event: 2.489 GC heap before
{Heap before GC invocations=5 (full 0):
 garbage-first heap   total 69632K, used 48365K [0x00000004d7200000, 0x00000005d4600000)
  region size 2048K, 17 young (34816K), 2 survivors (4096K)
 Metaspace       used 31727K, committed 32192K, reserved 1114112K
  class space    used 4064K, committed 4288K, reserved 1048576K
}
Event: 2.495 GC heap after
{Heap after GC invocations=6 (full 0):
 garbage-first heap   total 69632K, used 20976K [0x00000004d7200000, 0x00000005d4600000)
  region size 2048K, 3 young (6144K), 3 survivors (6144K)
 Metaspace       used 31727K, committed 32192K, reserved 1114112K
  class space    used 4064K, committed 4288K, reserved 1048576K
}
Event: 2.788 GC heap before
{Heap before GC invocations=6 (full 0):
 garbage-first heap   total 69632K, used 39408K [0x00000004d7200000, 0x00000005d4600000)
  region size 2048K, 13 young (26624K), 3 survivors (6144K)
 Metaspace       used 35523K, committed 35968K, reserved 1114112K
  class space    used 4607K, committed 4800K, reserved 1048576K
}
Event: 2.796 GC heap after
{Heap after GC invocations=7 (full 0):
 garbage-first heap   total 83968K, used 21578K [0x00000004d7200000, 0x00000005d4600000)
  region size 2048K, 2 young (4096K), 2 survivors (4096K)
 Metaspace       used 35523K, committed 35968K, reserved 1114112K
  class space    used 4607K, committed 4800K, reserved 1048576K
}
Event: 3.656 GC heap before
{Heap before GC invocations=8 (full 0):
 garbage-first heap   total 81920K, used 66634K [0x00000004d7200000, 0x00000005d4600000)
  region size 2048K, 24 young (49152K), 2 survivors (4096K)
 Metaspace       used 50857K, committed 51328K, reserved 1114112K
  class space    used 6587K, committed 6784K, reserved 1048576K
}
Event: 3.664 GC heap after
{Heap after GC invocations=9 (full 0):
 garbage-first heap   total 81920K, used 26239K [0x00000004d7200000, 0x00000005d4600000)
  region size 2048K, 3 young (6144K), 3 survivors (6144K)
 Metaspace       used 50857K, committed 51328K, reserved 1114112K
  class space    used 6587K, committed 6784K, reserved 1048576K
}
Event: 4.123 GC heap before
{Heap before GC invocations=9 (full 0):
 garbage-first heap   total 81920K, used 61055K [0x00000004d7200000, 0x00000005d4600000)
  region size 2048K, 21 young (43008K), 3 survivors (6144K)
 Metaspace       used 59797K, committed 60288K, reserved 1114112K
  class space    used 7972K, committed 8192K, reserved 1048576K
}
Event: 4.132 GC heap after
{Heap after GC invocations=10 (full 0):
 garbage-first heap   total 81920K, used 27544K [0x00000004d7200000, 0x00000005d4600000)
  region size 2048K, 1 young (2048K), 1 survivors (2048K)
 Metaspace       used 59797K, committed 60288K, reserved 1114112K
  class space    used 7972K, committed 8192K, reserved 1048576K
}
Event: 4.143 GC heap before
{Heap before GC invocations=10 (full 0):
 garbage-first heap   total 81920K, used 27544K [0x00000004d7200000, 0x00000005d4600000)
  region size 2048K, 2 young (4096K), 1 survivors (2048K)
 Metaspace       used 60096K, committed 60608K, reserved 1114112K
  class space    used 8020K, committed 8256K, reserved 1048576K
}
Event: 4.146 GC heap after
{Heap after GC invocations=11 (full 0):
 garbage-first heap   total 81920K, used 27280K [0x00000004d7200000, 0x00000005d4600000)
  region size 2048K, 1 young (2048K), 1 survivors (2048K)
 Metaspace       used 60096K, committed 60608K, reserved 1114112K
  class space    used 8020K, committed 8256K, reserved 1048576K
}
Event: 7.531 GC heap before
{Heap before GC invocations=12 (full 0):
 garbage-first heap   total 81920K, used 70288K [0x00000004d7200000, 0x00000005d4600000)
  region size 2048K, 22 young (45056K), 1 survivors (2048K)
 Metaspace       used 66214K, committed 66880K, reserved 1114112K
  class space    used 8899K, committed 9216K, reserved 1048576K
}
Event: 7.534 GC heap after
{Heap after GC invocations=13 (full 0):
 garbage-first heap   total 98304K, used 29947K [0x00000004d7200000, 0x00000005d4600000)
  region size 2048K, 3 young (6144K), 3 survivors (6144K)
 Metaspace       used 66214K, committed 66880K, reserved 1114112K
  class space    used 8899K, committed 9216K, reserved 1048576K
}
Event: 8.125 GC heap before
{Heap before GC invocations=13 (full 0):
 garbage-first heap   total 98304K, used 81147K [0x00000004d7200000, 0x00000005d4600000)
  region size 2048K, 28 young (57344K), 3 survivors (6144K)
 Metaspace       used 70873K, committed 71552K, reserved 1114112K
  class space    used 9568K, committed 9856K, reserved 1048576K
}
Event: 8.133 GC heap after
{Heap after GC invocations=14 (full 0):
 garbage-first heap   total 98304K, used 34009K [0x00000004d7200000, 0x00000005d4600000)
  region size 2048K, 4 young (8192K), 4 survivors (8192K)
 Metaspace       used 70873K, committed 71552K, reserved 1114112K
  class space    used 9568K, committed 9856K, reserved 1048576K
}

Dll operation events (14 events):
Event: 0.013 Loaded shared library C:\Program Files\Java\jdk-21\bin\java.dll
Event: 0.037 Loaded shared library C:\Program Files\Java\jdk-21\bin\jsvml.dll
Event: 0.099 Loaded shared library C:\Program Files\Java\jdk-21\bin\zip.dll
Event: 0.101 Loaded shared library C:\Program Files\Java\jdk-21\bin\instrument.dll
Event: 0.106 Loaded shared library C:\Program Files\Java\jdk-21\bin\net.dll
Event: 0.107 Loaded shared library C:\Program Files\Java\jdk-21\bin\nio.dll
Event: 0.109 Loaded shared library C:\Program Files\Java\jdk-21\bin\zip.dll
Event: 0.327 Loaded shared library C:\Program Files\JetBrains\IntelliJ IDEA Community Edition 2023.2.4\bin\breakgen64.dll
Event: 0.335 Loaded shared library C:\Program Files\Java\jdk-21\bin\extnet.dll
Event: 0.345 Loaded shared library C:\Program Files\Java\jdk-21\bin\verify.dll
Event: 0.350 Loaded shared library C:\Program Files\Java\jdk-21\bin\jimage.dll
Event: 1.350 Loaded shared library C:\Program Files\Java\jdk-21\bin\sunmscapi.dll
Event: 2.446 Loaded shared library C:\Program Files\Java\jdk-21\bin\management.dll
Event: 2.447 Loaded shared library C:\Program Files\Java\jdk-21\bin\management_ext.dll

Deoptimization events (20 events):
Event: 3500.934 Thread 0x000001f1737e7000 Uncommon trap: trap_request=0xffffffc6 fr.pc=0x000001f15ccba920 relative=0x0000000000000a20
Event: 3500.934 Thread 0x000001f1737e7000 Uncommon trap: reason=bimorphic_or_optimized_type_check action=maybe_recompile pc=0x000001f15ccba920 method=java.util.stream.FindOps$FindOp.evaluateSequential(Ljava/util/stream/PipelineHelper;Ljava/util/Spliterator;)Ljava/lang/Object; @ 5 c2
Event: 3500.934 Thread 0x000001f1737e7000 DEOPT PACKING pc=0x000001f15ccba920 sp=0x0000000714bfc1c0
Event: 3500.934 Thread 0x000001f1737e7000 DEOPT UNPACKING pc=0x000001f15c3d46a2 sp=0x0000000714bfc188 mode 2
Event: 3500.935 Thread 0x000001f1737e7000 Uncommon trap: trap_request=0xffffffc6 fr.pc=0x000001f15ccba920 relative=0x0000000000000a20
Event: 3500.935 Thread 0x000001f1737e7000 Uncommon trap: reason=bimorphic_or_optimized_type_check action=maybe_recompile pc=0x000001f15ccba920 method=java.util.stream.FindOps$FindOp.evaluateSequential(Ljava/util/stream/PipelineHelper;Ljava/util/Spliterator;)Ljava/lang/Object; @ 5 c2
Event: 3500.935 Thread 0x000001f1737e7000 DEOPT PACKING pc=0x000001f15ccba920 sp=0x0000000714bfc1c0
Event: 3500.935 Thread 0x000001f1737e7000 DEOPT UNPACKING pc=0x000001f15c3d46a2 sp=0x0000000714bfc188 mode 2
Event: 3500.935 Thread 0x000001f1737e7000 Uncommon trap: trap_request=0xffffffc6 fr.pc=0x000001f15ccba920 relative=0x0000000000000a20
Event: 3500.935 Thread 0x000001f1737e7000 Uncommon trap: reason=bimorphic_or_optimized_type_check action=maybe_recompile pc=0x000001f15ccba920 method=java.util.stream.FindOps$FindOp.evaluateSequential(Ljava/util/stream/PipelineHelper;Ljava/util/Spliterator;)Ljava/lang/Object; @ 5 c2
Event: 3500.935 Thread 0x000001f1737e7000 DEOPT PACKING pc=0x000001f15ccba920 sp=0x0000000714bfc1c0
Event: 3500.935 Thread 0x000001f1737e7000 DEOPT UNPACKING pc=0x000001f15c3d46a2 sp=0x0000000714bfc188 mode 2
Event: 3500.958 Thread 0x000001f1737e7000 Uncommon trap: trap_request=0xffffff45 fr.pc=0x000001f15c9dac58 relative=0x00000000000001b8
Event: 3500.958 Thread 0x000001f1737e7000 Uncommon trap: reason=unstable_if action=reinterpret pc=0x000001f15c9dac58 method=java.lang.StringLatin1.indexOf([B[B)I @ 9 c2
Event: 3500.958 Thread 0x000001f1737e7000 DEOPT PACKING pc=0x000001f15c9dac58 sp=0x0000000714bfd790
Event: 3500.958 Thread 0x000001f1737e7000 DEOPT UNPACKING pc=0x000001f15c3d46a2 sp=0x0000000714bfd710 mode 2
Event: 3500.967 Thread 0x000001f1737e7d20 Uncommon trap: trap_request=0xffffffec fr.pc=0x000001f15cd97500 relative=0x0000000000000140
Event: 3500.967 Thread 0x000001f1737e7d20 Uncommon trap: reason=null_assert_or_unreached0 action=make_not_entrant pc=0x000001f15cd97500 method=sun.nio.ch.SelectorImpl.processDeregisterQueue()V @ 61 c2
Event: 3500.967 Thread 0x000001f1737e7d20 DEOPT PACKING pc=0x000001f15cd97500 sp=0x00000007155ff170
Event: 3500.967 Thread 0x000001f1737e7d20 DEOPT UNPACKING pc=0x000001f15c3d46a2 sp=0x00000007155ff118 mode 2

Classes loaded (20 events):
Event: 3500.833 Loading class java/util/ArrayList$SubList$2
Event: 3500.834 Loading class java/util/ArrayList$SubList$2 done
Event: 3500.872 Loading class java/util/zip/DeflaterOutputStream
Event: 3500.872 Loading class java/util/zip/DeflaterOutputStream done
Event: 3500.872 Loading class java/util/zip/GZIPInputStream
Event: 3500.872 Loading class java/util/zip/GZIPInputStream done
Event: 3500.872 Loading class java/util/zip/GZIPOutputStream
Event: 3500.872 Loading class java/util/zip/GZIPOutputStream done
Event: 3500.926 Loading class com/sun/crypto/provider/HmacCore$HmacSHA256
Event: 3500.926 Loading class com/sun/crypto/provider/HmacCore$HmacSHA256 done
Event: 3500.929 Loading class sun/util/resources/LocaleData$CommonResourceBundleProvider
Event: 3500.929 Loading class sun/util/resources/LocaleData$LocaleDataResourceBundleProvider
Event: 3500.930 Loading class java/util/spi/ResourceBundleProvider
Event: 3500.930 Loading class java/util/spi/ResourceBundleProvider done
Event: 3500.930 Loading class sun/util/resources/LocaleData$LocaleDataResourceBundleProvider done
Event: 3500.930 Loading class sun/util/resources/LocaleData$CommonResourceBundleProvider done
Event: 3500.930 Loading class java/util/ArrayList$SubList$1
Event: 3500.930 Loading class java/util/ArrayList$SubList$1 done
Event: 3500.931 Loading class sun/util/resources/Bundles$2
Event: 3500.931 Loading class sun/util/resources/Bundles$2 done

Classes unloaded (0 events):
No events

Classes redefined (0 events):
No events

Internal exceptions (20 events):
Event: 8.196 Thread 0x000001f14ca08930 Exception <a 'java/lang/NoSuchMethodError'{0x00000004e3b9f690}: 'java.lang.Object java.lang.invoke.DirectMethodHandle$Holder.newInvokeSpecial(java.lang.Object, java.lang.Object, int, java.lang.Object, java.lang.Object)'> (0x00000004e3b9f690) 
thrown [s\open\src\hotspot\share\interpreter\linkResolver.cpp, line 773]
Event: 8.197 Thread 0x000001f14ca08930 Exception <a 'java/lang/NoSuchMethodError'{0x00000004e3baa0d0}: 'java.lang.Object java.lang.invoke.DirectMethodHandle$Holder.invokeSpecial(java.lang.Object, java.lang.Object, int, java.lang.Object, int, java.lang.Object)'> (0x00000004e3baa0d0) 
thrown [s\open\src\hotspot\share\interpreter\linkResolver.cpp, line 773]
Event: 8.197 Thread 0x000001f14ca08930 Exception <a 'java/lang/NoSuchMethodError'{0x00000004e3bb0e80}: 'java.lang.Object java.lang.invoke.DirectMethodHandle$Holder.newInvokeSpecial(java.lang.Object, java.lang.Object, int, java.lang.Object, int)'> (0x00000004e3bb0e80) 
thrown [s\open\src\hotspot\share\interpreter\linkResolver.cpp, line 773]
Event: 8.198 Thread 0x000001f14ca08930 Exception <a 'java/lang/NoSuchMethodError'{0x00000004e3bb4ca8}: 'java.lang.Object java.lang.invoke.DirectMethodHandle$Holder.invokeSpecial(java.lang.Object, java.lang.Object, java.lang.Object, int, java.lang.Object, int)'> (0x00000004e3bb4ca8) 
thrown [s\open\src\hotspot\share\interpreter\linkResolver.cpp, line 773]
Event: 1760.033 Thread 0x000001f1737e5c50 Exception <a 'java/io/IOException'{0x00000004dc640e58}> (0x00000004dc640e58) 
thrown [s\open\src\hotspot\share\prims\jni.cpp, line 520]
Event: 1760.033 Thread 0x000001f1737e5c50 Exception <a 'java/io/IOException'{0x00000004dc642370}> (0x00000004dc642370) 
thrown [s\open\src\hotspot\share\prims\jni.cpp, line 520]
Event: 1772.263 Thread 0x000001f1737e48a0 Exception <a 'java/io/IOException'{0x00000004dc6d2b08}> (0x00000004dc6d2b08) 
thrown [s\open\src\hotspot\share\prims\jni.cpp, line 520]
Event: 1772.448 Thread 0x000001f1737e48a0 Exception <a 'java/io/IOException'{0x00000004dc6d49c8}> (0x00000004dc6d49c8) 
thrown [s\open\src\hotspot\share\prims\jni.cpp, line 520]
Event: 1777.270 Thread 0x000001f1737e48a0 Exception <a 'java/io/IOException'{0x00000004dc6d6860}> (0x00000004dc6d6860) 
thrown [s\open\src\hotspot\share\prims\jni.cpp, line 520]
Event: 1777.270 Thread 0x000001f1737e48a0 Exception <a 'java/io/IOException'{0x00000004dc6d7480}> (0x00000004dc6d7480) 
thrown [s\open\src\hotspot\share\prims\jni.cpp, line 520]
Event: 1785.489 Thread 0x000001f1737e5c50 Exception <a 'java/io/IOException'{0x00000004dc432ec0}> (0x00000004dc432ec0) 
thrown [s\open\src\hotspot\share\prims\jni.cpp, line 520]
Event: 1786.906 Thread 0x000001f1737e5c50 Exception <a 'java/io/IOException'{0x00000004dc434f28}> (0x00000004dc434f28) 
thrown [s\open\src\hotspot\share\prims\jni.cpp, line 520]
Event: 1786.906 Thread 0x000001f1737e5c50 Exception <a 'java/io/IOException'{0x00000004dc435b48}> (0x00000004dc435b48) 
thrown [s\open\src\hotspot\share\prims\jni.cpp, line 520]
Event: 1800.226 Thread 0x000001f1737e48a0 Exception <a 'java/io/IOException'{0x00000004dc5fa9d8}> (0x00000004dc5fa9d8) 
thrown [s\open\src\hotspot\share\prims\jni.cpp, line 520]
Event: 1800.227 Thread 0x000001f1737e48a0 Exception <a 'java/io/IOException'{0x00000004dc5fb5f8}> (0x00000004dc5fb5f8) 
thrown [s\open\src\hotspot\share\prims\jni.cpp, line 520]
Event: 1801.003 Thread 0x000001f1737e48a0 Exception <a 'java/io/IOException'{0x00000004dc5fd490}> (0x00000004dc5fd490) 
thrown [s\open\src\hotspot\share\prims\jni.cpp, line 520]
Event: 1801.003 Thread 0x000001f1737e48a0 Exception <a 'java/io/IOException'{0x00000004dc5fe0b0}> (0x00000004dc5fe0b0) 
thrown [s\open\src\hotspot\share\prims\jni.cpp, line 520]
Event: 3500.713 Thread 0x000001f1737e8a40 Exception <a 'java/lang/NoSuchMethodError'{0x00000004dc0ac548}: 'java.lang.Object java.lang.invoke.DirectMethodHandle$Holder.invokeSpecial(java.lang.Object, java.lang.Object, java.lang.Object, java.lang.Object, java.lang.Object, long)'> (0x00000004dc0ac548) 
thrown [s\open\src\hotspot\share\interpreter\linkResolver.cpp, line 773]
Event: 3500.713 Thread 0x000001f1737e8a40 Exception <a 'java/lang/NoSuchMethodError'{0x00000004dc0afcc0}: 'java.lang.Object java.lang.invoke.Invokers$Holder.linkToTargetMethod(java.lang.Object, java.lang.Object, java.lang.Object, long, java.lang.Object)'> (0x00000004dc0afcc0) 
thrown [s\open\src\hotspot\share\interpreter\linkResolver.cpp, line 773]
Event: 3500.833 Thread 0x000001f1737e7000 Exception <a 'java/lang/NoSuchMethodError'{0x00000004dbe28e18}: 'java.lang.Object java.lang.invoke.DirectMethodHandle$Holder.invokeStatic(java.lang.Object, int, int)'> (0x00000004dbe28e18) 
thrown [s\open\src\hotspot\share\interpreter\linkResolver.cpp, line 773]

ZGC Phase Switch (0 events):
No events

VM Operations (20 events):
Event: 2298.228 Executing VM operation: Cleanup
Event: 2298.228 Executing VM operation: Cleanup done
Event: 3425.936 Executing VM operation: Cleanup
Event: 3425.936 Executing VM operation: Cleanup done
Event: 3500.710 Executing VM operation: Cleanup
Event: 3500.710 Executing VM operation: Cleanup done
Event: 3500.752 Executing VM operation: HandshakeAllThreads (Deoptimize)
Event: 3500.752 Executing VM operation: HandshakeAllThreads (Deoptimize) done
Event: 3500.754 Executing VM operation: HandshakeAllThreads (Deoptimize)
Event: 3500.754 Executing VM operation: HandshakeAllThreads (Deoptimize) done
Event: 3500.922 Executing VM operation: HandshakeAllThreads (Deoptimize)
Event: 3500.922 Executing VM operation: HandshakeAllThreads (Deoptimize) done
Event: 3500.927 Executing VM operation: HandshakeAllThreads (Deoptimize)
Event: 3500.927 Executing VM operation: HandshakeAllThreads (Deoptimize) done
Event: 3501.939 Executing VM operation: Cleanup
Event: 3501.939 Executing VM operation: Cleanup done
Event: 3511.049 Executing VM operation: Cleanup
Event: 3511.049 Executing VM operation: Cleanup done
Event: 3521.143 Executing VM operation: Cleanup
Event: 3521.143 Executing VM operation: Cleanup done

Events (20 events):
Event: 1760.030 Thread 0x000001f1737e5c50 Thread added: 0x000001f1737e5c50
Event: 1760.030 Thread 0x000001f1737e48a0 Thread added: 0x000001f1737e48a0
Event: 1765.049 Thread 0x000001f1737e5c50 Thread exited: 0x000001f1737e5c50
Event: 1765.095 Thread 0x000001f1737e48a0 Thread exited: 0x000001f1737e48a0
Event: 1772.262 Thread 0x000001f1737e48a0 Thread added: 0x000001f1737e48a0
Event: 1772.262 Thread 0x000001f1737e4f30 Thread added: 0x000001f1737e4f30
Event: 1782.275 Thread 0x000001f1737e48a0 Thread exited: 0x000001f1737e48a0
Event: 1782.307 Thread 0x000001f1737e4f30 Thread exited: 0x000001f1737e4f30
Event: 1785.488 Thread 0x000001f1737e5c50 Thread added: 0x000001f1737e5c50
Event: 1785.488 Thread 0x000001f1737e48a0 Thread added: 0x000001f1737e48a0
Event: 1797.199 Thread 0x000001f1737e5c50 Thread exited: 0x000001f1737e5c50
Event: 1797.230 Thread 0x000001f1737e48a0 Thread exited: 0x000001f1737e48a0
Event: 1800.223 Thread 0x000001f1737e48a0 Thread added: 0x000001f1737e48a0
Event: 1800.223 Thread 0x000001f1737e4f30 Thread added: 0x000001f1737e4f30
Event: 1806.019 Thread 0x000001f1737e48a0 Thread exited: 0x000001f1737e48a0
Event: 1806.066 Thread 0x000001f1737e4f30 Thread exited: 0x000001f1737e4f30
Event: 3500.784 Thread 0x000001f175198740 Thread added: 0x000001f175198740
Event: 3505.995 Thread 0x000001f175198740 Thread exited: 0x000001f175198740
Event: 3527.260 Thread 0x000001f1737e48a0 Thread added: 0x000001f1737e48a0
Event: 3527.260 Thread 0x000001f1737e4f30 Thread added: 0x000001f1737e4f30


Dynamic libraries:
0x00007ff67fb20000 - 0x00007ff67fb30000 	C:\Program Files\Java\jdk-21\bin\java.exe
0x00007fff13530000 - 0x00007fff13747000 	C:\Windows\SYSTEM32\ntdll.dll
0x00007fff12b80000 - 0x00007fff12c44000 	C:\Windows\System32\KERNEL32.DLL
0x00007fff10870000 - 0x00007fff10c16000 	C:\Windows\System32\KERNELBASE.dll
0x00007fff110e0000 - 0x00007fff111f1000 	C:\Windows\System32\ucrtbase.dll
0x00007ffecb280000 - 0x00007ffecb29b000 	C:\Program Files\Java\jdk-21\bin\VCRUNTIME140.dll
0x00007ffecb260000 - 0x00007ffecb279000 	C:\Program Files\Java\jdk-21\bin\jli.dll
0x00007fff11500000 - 0x00007fff115b3000 	C:\Windows\System32\ADVAPI32.dll
0x00007fff124c0000 - 0x00007fff12567000 	C:\Windows\System32\msvcrt.dll
0x00007fff11280000 - 0x00007fff11328000 	C:\Windows\System32\sechost.dll
0x00007fff110b0000 - 0x00007fff110d8000 	C:\Windows\System32\bcrypt.dll
0x00007fff115c0000 - 0x00007fff116d7000 	C:\Windows\System32\RPCRT4.dll
0x00007fff11350000 - 0x00007fff114fe000 	C:\Windows\System32\USER32.dll
0x00007fff10df0000 - 0x00007fff10e16000 	C:\Windows\System32\win32u.dll
0x00007fff129f0000 - 0x00007fff12a19000 	C:\Windows\System32\GDI32.dll
0x00007ffee1050000 - 0x00007ffee12e3000 	C:\Windows\WinSxS\amd64_microsoft.windows.common-controls_6595b64144ccf1df_6.0.22621.2506_none_270c5ae97388e100\COMCTL32.dll
0x00007fff10f90000 - 0x00007fff110a8000 	C:\Windows\System32\gdi32full.dll
0x00007fff10ce0000 - 0x00007fff10d7a000 	C:\Windows\System32\msvcp_win.dll
0x00007fff07a80000 - 0x00007fff07a8a000 	C:\Windows\SYSTEM32\VERSION.dll
0x00007fff13420000 - 0x00007fff13451000 	C:\Windows\System32\IMM32.DLL
0x00007ffecd990000 - 0x00007ffecd99c000 	C:\Program Files\Java\jdk-21\bin\vcruntime140_1.dll
0x00007ffebba30000 - 0x00007ffebbabe000 	C:\Program Files\Java\jdk-21\bin\msvcp140.dll
0x00007ffe88230000 - 0x00007ffe88f45000 	C:\Program Files\Java\jdk-21\bin\server\jvm.dll
0x00007fff13460000 - 0x00007fff134d1000 	C:\Windows\System32\WS2_32.dll
0x00007fff0f6c0000 - 0x00007fff0f70d000 	C:\Windows\SYSTEM32\POWRPROF.dll
0x00007ffef8fc0000 - 0x00007ffef8ff4000 	C:\Windows\SYSTEM32\WINMM.dll
0x00007fff0f6a0000 - 0x00007fff0f6b3000 	C:\Windows\SYSTEM32\UMPDC.dll
0x00007fff0f960000 - 0x00007fff0f978000 	C:\Windows\SYSTEM32\kernel.appcore.dll
0x00007ffeccb30000 - 0x00007ffeccb3a000 	C:\Program Files\Java\jdk-21\bin\jimage.dll
0x00007ffefcac0000 - 0x00007ffefccf3000 	C:\Windows\SYSTEM32\DBGHELP.DLL
0x00007fff11fa0000 - 0x00007fff12329000 	C:\Windows\System32\combase.dll
0x00007fff13330000 - 0x00007fff13407000 	C:\Windows\System32\OLEAUT32.dll
0x00007ffefc580000 - 0x00007ffefc5b2000 	C:\Windows\SYSTEM32\dbgcore.DLL
0x00007fff11200000 - 0x00007fff1127a000 	C:\Windows\System32\bcryptPrimitives.dll
0x00007fff0add0000 - 0x00007fff0addf000 	C:\Program Files\Java\jdk-21\bin\instrument.dll
0x00007ffebba10000 - 0x00007ffebba2f000 	C:\Program Files\Java\jdk-21\bin\java.dll
0x00007fff116e0000 - 0x00007fff11f3b000 	C:\Windows\System32\SHELL32.dll
0x00007fff0e790000 - 0x00007fff0f086000 	C:\Windows\SYSTEM32\windows.storage.dll
0x00007fff0e650000 - 0x00007fff0e78e000 	C:\Windows\SYSTEM32\wintypes.dll
0x00007fff123c0000 - 0x00007fff124b3000 	C:\Windows\System32\SHCORE.dll
0x00007fff13080000 - 0x00007fff130de000 	C:\Windows\System32\shlwapi.dll
0x00007fff107a0000 - 0x00007fff107c6000 	C:\Windows\SYSTEM32\profapi.dll
0x00007ffebb930000 - 0x00007ffebba07000 	C:\Program Files\Java\jdk-21\bin\jsvml.dll
0x00007ffebb8e0000 - 0x00007ffebb8f8000 	C:\Program Files\Java\jdk-21\bin\zip.dll
0x00007ffebb920000 - 0x00007ffebb930000 	C:\Program Files\Java\jdk-21\bin\net.dll
0x00007fff0a350000 - 0x00007fff0a487000 	C:\Windows\SYSTEM32\WINHTTP.dll
0x00007fff0fdd0000 - 0x00007fff0fe39000 	C:\Windows\system32\mswsock.dll
0x00007ffebb900000 - 0x00007ffebb916000 	C:\Program Files\Java\jdk-21\bin\nio.dll
0x00007ffefb4a0000 - 0x00007ffefb4ba000 	C:\Program Files\JetBrains\IntelliJ IDEA Community Edition 2023.2.4\bin\breakgen64.dll
0x00007ffebb8d0000 - 0x00007ffebb8d7000 	C:\Program Files\Java\jdk-21\bin\extnet.dll
0x00007ffebb8a0000 - 0x00007ffebb8b0000 	C:\Program Files\Java\jdk-21\bin\verify.dll
0x00007ffefb490000 - 0x00007ffefb49e000 	C:\Program Files\Java\jdk-21\bin\sunmscapi.dll
0x00007fff10e20000 - 0x00007fff10f86000 	C:\Windows\System32\CRYPT32.dll
0x00007fff10210000 - 0x00007fff1023e000 	C:\Windows\SYSTEM32\ncrypt.dll
0x00007fff101d0000 - 0x00007fff10207000 	C:\Windows\SYSTEM32\NTASN1.dll
0x00007fff100c0000 - 0x00007fff100db000 	C:\Windows\SYSTEM32\CRYPTSP.dll
0x00007fff0f8c0000 - 0x00007fff0f8f5000 	C:\Windows\system32\rsaenh.dll
0x00007fff0fe70000 - 0x00007fff0fe9c000 	C:\Windows\SYSTEM32\USERENV.dll
0x00007fff0ffd0000 - 0x00007fff0ffdc000 	C:\Windows\SYSTEM32\CRYPTBASE.dll
0x00007fff0f2b0000 - 0x00007fff0f2dd000 	C:\Windows\SYSTEM32\IPHLPAPI.DLL
0x00007fff12350000 - 0x00007fff12359000 	C:\Windows\System32\NSI.dll
0x00007ffefb4d0000 - 0x00007ffefb4da000 	C:\Program Files\Java\jdk-21\bin\management.dll
0x00007ffefb4c0000 - 0x00007ffefb4cb000 	C:\Program Files\Java\jdk-21\bin\management_ext.dll
0x00007fff13410000 - 0x00007fff13418000 	C:\Windows\System32\PSAPI.DLL
0x00007fff0f310000 - 0x00007fff0f409000 	C:\Windows\SYSTEM32\DNSAPI.dll
0x00007ffefb620000 - 0x00007ffefb62a000 	C:\Windows\System32\rasadhlp.dll
0x00007fff08ce0000 - 0x00007fff08d63000 	C:\Windows\System32\fwpuclnt.dll
0x00007ffed0540000 - 0x00007ffed0548000 	C:\Windows\system32\wshunix.dll

dbghelp: loaded successfully - version: 4.0.5 - missing functions: none
symbol engine: initialized successfully - sym options: 0x614 - pdb path: .;C:\Program Files\Java\jdk-21\bin;C:\Windows\SYSTEM32;C:\Windows\WinSxS\amd64_microsoft.windows.common-controls_6595b64144ccf1df_6.0.22621.2506_none_270c5ae97388e100;C:\Program Files\Java\jdk-21\bin\server;C:\Program Files\JetBrains\IntelliJ IDEA Community Edition 2023.2.4\bin

VM Arguments:
jvm_args: -javaagent:C:\Program Files\JetBrains\IntelliJ IDEA Community Edition 2023.2.4\lib\idea_rt.jar=61329:C:\Program Files\JetBrains\IntelliJ IDEA Community Edition 2023.2.4\bin -Dfile.encoding=UTF-8 -Dsun.stdout.encoding=UTF-8 -Dsun.stderr.encoding=UTF-8 
java_command: com.web_project.C2CECommerceSite.C2CeCommerceSiteApplication
java_class_path (initial): D:\projects\web_project_01\Backend\C2CE-CommerceSite\target\classes;C:\Users\tvimu\.m2\repository\org\springframework\boot\spring-boot-starter-data-jpa\3.2.2\spring-boot-starter-data-jpa-3.2.2.jar;C:\Users\tvimu\.m2\repository\org\springframework\boot\spring-boot-starter-aop\3.2.2\spring-boot-starter-aop-3.2.2.jar;C:\Users\tvimu\.m2\repository\org\aspectj\aspectjweaver\1.9.21\aspectjweaver-1.9.21.jar;C:\Users\tvimu\.m2\repository\org\springframework\boot\spring-boot-starter-jdbc\3.2.2\spring-boot-starter-jdbc-3.2.2.jar;C:\Users\tvimu\.m2\repository\com\zaxxer\HikariCP\5.0.1\HikariCP-5.0.1.jar;C:\Users\tvimu\.m2\repository\org\springframework\spring-jdbc\6.1.3\spring-jdbc-6.1.3.jar;C:\Users\tvimu\.m2\repository\org\hibernate\orm\hibernate-core\6.4.1.Final\hibernate-core-6.4.1.Final.jar;C:\Users\tvimu\.m2\repository\jakarta\persistence\jakarta.persistence-api\3.1.0\jakarta.persistence-api-3.1.0.jar;C:\Users\tvimu\.m2\repository\jakarta\transaction\jakarta.transaction-api\2.0.1\jakarta.transaction-api-2.0.1.jar;C:\Users\tvimu\.m2\repository\org\jboss\logging\jboss-logging\3.5.3.Final\jboss-logging-3.5.3.Final.jar;C:\Users\tvimu\.m2\repository\org\hibernate\common\hibernate-commons-annotations\6.0.6.Final\hibernate-commons-annotations-6.0.6.Final.jar;C:\Users\tvimu\.m2\repository\io\smallrye\jandex\3.1.2\jandex-3.1.2.jar;C:\Users\tvimu\.m2\repository\com\fasterxml\classmate\1.6.0\classmate-1.6.0.jar;C:\Users\tvimu\.m2\repository\net\bytebuddy\byte-buddy\1.14.11\byte-buddy-1.14.11.jar;C:\Users\tvimu\.m2\repository\jakarta\xml\bind\jakarta.xml.bind-api\4.0.1\jakarta.xml.bind-api-4.0.1.jar;C:\Users\tvimu\.m2\repository\org\glassfish\jaxb\jaxb-runtime\4.0.4\jaxb-runtime-4.0.4.jar;C:\Users\tvimu\.m2\repository\org\glassfish\jaxb\jaxb-core\4.0.4\jaxb-core-4.0.4.jar;C:\Users\tvimu\.m2\repository\org\glassfish\jaxb\txw2\4.0.4\txw2-4.0.4.jar;C:\Users\tvimu\.m2\repository\com\sun\istack\istack-commons-runtime\4.1.2\istack-commons-runtime-4.1.2.jar;C:\Users\tvimu\.m2\repository\jakarta\inject\jakarta.inject-api\2.0.1\jakarta.inject-api-2.0.1.jar;C:\Users\tvimu\.m2\repository\org\antlr\antlr4-runtime\4.13.0\antlr4-runtime-4.13.0.jar;C:\Users\tvimu\.m2\repository\org\springframework\data\spring-data-jpa\3.2.2\spring-data-jpa-3.2.2.jar;C:\Users\tvimu\.m2\repository\org\springframework\data\spring-data-commons\3.2.2\spring-data-commons-3.2.2.jar;C:\Users\tvimu\.m2\repository\org\springframework\spring-orm\6.1.3\spring-orm-6.1.3.jar;C:\Users\tvimu\.m2\repository\org\springframework\spring-context\6.1.3\spring-context-6.1.3.jar;C:\Users\tvimu\.m2\repository\org\springframework\spring-tx\6.1.3\spring-tx-6.1.3.jar;C:\Users\tvimu\.m2\repository\org\springframework\spring-beans\6.1.3\spring-beans-6.1.3.jar;C:\Users\tvimu\.m2\repository\jakarta\annotation\jakarta.annotation-api\2.1.1\jakarta.annotation-api-2.1.1.jar;C:\Users\tvimu\.m2\repository\org\springframework\spring-aspects\6.1.3\spring-aspects-6.1.3.jar;C:\Users\tvimu\.m2\repository\com\twilio\sdk\twilio\8.20.0\twilio-8.20.0.jar;C:\Users\tvimu\.m2\repository\commons-codec\commons-codec\1.16.0\commons-codec-1.16.0.jar;C:\Users\tvimu\.m2\repository\commons-io\commons-io\2.7\commons-io-2.7.jar;C:\Users\tvimu\.m2\repository\org\apache\httpcomponents\httpclient\4.5.13\httpclient-4.5.13.jar;C:\Users\tvimu\.m2\repository\commons-logging\commons-logging\1.2\commons-logging-1.2.jar;C:\Users\tvimu\.m2\repository\org\apache\httpcomponents\httpcore\4.4.16\httpcore-4.4.16.jar;C:\Users\tvimu\.m2\repository\com\fasterxml\jackson\core\jackson-core\2.15.3\jackson-core-2.15.3.jar;C:\Users\tvimu\.m2\repository\com\fasterxml\jackson\core\jackson-annotations\2.15.3\jackson-annotations-2.15.3.jar;C:\Users\tvimu\.m2\repository\com\fasterxml\jackson\core\jackson-databind\2.15.3\jackson-databind-2.15.3.jar;C:\Users\tvimu\.m2\repository\com\fasterxml\jackson\datatype\jackson-datatype-jsr310\2.15.3\jackson-datatype-jsr310-2.15.3.jar;C:\Users\tvimu\.m2\repository\org\slf4j\slf4j-api\2.0.11\slf4j-api-2.0.11.jar;C:\Users\tvimu\.m2\repository\javax\xml\bind\jaxb-api\2.3.1\jaxb-api-2.3.1.jar;C:\Users\tvimu\.m2\repository\javax\activation\javax.activation-api\1.2.0\javax.activation-api-1.2.0.jar;C:\Users\tvimu\.m2\repository\org\springframework\boot\spring-boot-starter-validation\3.2.2\spring-boot-starter-validation-3.2.2.jar;C:\Users\tvimu\.m2\repository\org\springframework\boot\spring-boot-starter\3.2.2\spring-boot-starter-3.2.2.jar;C:\Users\tvimu\.m2\repository\org\springframework\boot\spring-boot\3.2.2\spring-boot-3.2.2.jar;C:\Users\tvimu\.m2\repository\org\springframework\boot\spring-boot-autoconfigure\3.2.2\spring-boot-autoconfigure-3.2.2.jar;C:\Users\tvimu\.m2\repository\org\springframework\boot\spring-boot-starter-logging\3.2.2\spring-boot-starter-logging-3.2.2.jar;C:\Users\tvimu\.m2\repository\ch\qos\logback\logback-classic\1.4.14\logback-classic-1.4.14.jar;C:\Users\tvimu\.m2\repository\ch\qos\logback\logback-core\1.4.14\logback-core-1.4.14.jar;C:\Users\tvimu\.m2\repository\org\apache\logging\log4j\log4j-to-slf4j\2.21.1\log4j-to-slf4j-2.21.1.jar;C:\Users\tvimu\.m2\repository\org\apache\logging\log4j\log4j-api\2.21.1\log4j-api-2.21.1.jar;C:\Users\tvimu\.m2\repository\org\slf4j\jul-to-slf4j\2.0.11\jul-to-slf4j-2.0.11.jar;C:\Users\tvimu\.m2\repository\org\yaml\snakeyaml\2.2\snakeyaml-2.2.jar;C:\Users\tvimu\.m2\repository\org\apache\tomcat\embed\tomcat-embed-el\10.1.18\tomcat-embed-el-10.1.18.jar;C:\Users\tvimu\.m2\repository\org\hibernate\validator\hibernate-validator\8.0.1.Final\hibernate-validator-8.0.1.Final.jar;C:\Users\tvimu\.m2\repository\jakarta\validation\jakarta.validation-api\3.0.2\jakarta.validation-api-3.0.2.jar;C:\Users\tvimu\.m2\repository\org\springframework\boot\spring-boot-starter-mail\3.2.2\spring-boot-starter-mail-3.2.2.jar;C:\Users\tvimu\.m2\repository\org\springframework\spring-context-support\6.1.3\spring-context-support-6.1.3.jar;C:\Users\tvimu\.m2\repository\org\eclipse\angus\jakarta.mail\2.0.2\jakarta.mail-2.0.2.jar;C:\Users\tvimu\.m2\repository\jakarta\activation\jakarta.activation-api\2.1.2\jakarta.activation-api-2.1.2.jar;C:\Users\tvimu\.m2\repository\org\eclipse\angus\angus-activation\2.0.1\angus-activation-2.0.1.jar;C:\Users\tvimu\.m2\repository\io\jsonwebtoken\jjwt-api\0.11.5\jjwt-api-0.11.5.jar;C:\Users\tvimu\.m2\repository\io\jsonwebtoken\jjwt-impl\0.11.5\jjwt-impl-0.11.5.jar;C:\Users\tvimu\.m2\repository\io\jsonwebtoken\jjwt-jackson\0.11.5\jjwt-jackson-0.11.5.jar;C:\Users\tvimu\.m2\repository\org\springframework\boot\spring-boot-starter-security\3.2.2\spring-boot-starter-security-3.2.2.jar;C:\Users\tvimu\.m2\repository\org\springframework\spring-aop\6.1.3\spring-aop-6.1.3.jar;C:\Users\tvimu\.m2\repository\org\springframework\security\spring-security-config\6.2.1\spring-security-config-6.2.1.jar;C:\Users\tvimu\.m2\repository\org\springframework\security\spring-security-web\6.2.1\spring-security-web-6.2.1.jar;C:\Users\tvimu\.m2\repository\org\springframework\spring-expression\6.1.3\spring-expression-6.1.3.jar;C:\Users\tvimu\.m2\repository\org\springframework\boot\spring-boot-starter-web\3.2.2\spring-boot-starter-web-3.2.2.jar;C:\Users\tvimu\.m2\repository\org\springframework\boot\spring-boot-starter-json\3.2.2\spring-boot-starter-json-3.2.2.jar;C:\Users\tvimu\.m2\repository\com\fasterxml\jackson\datatype\jackson-datatype-jdk8\2.15.3\jackson-datatype-jdk8-2.15.3.jar;C:\Users\tvimu\.m2\repository\com\fasterxml\jackson\module\jackson-module-parameter-names\2.15.3\jackson-module-parameter-names-2.15.3.jar;C:\Users\tvimu\.m2\repository\org\springframework\boot\spring-boot-starter-tomcat\3.2.2\spring-boot-starter-tomcat-3.2.2.jar;C:\Users\tvimu\.m2\repository\org\apache\tomcat\embed\tomcat-embed-core\10.1.18\tomcat-embed-core-10.1.18.jar;C:\Users\tvimu\.m2\repository\org\apache\tomcat\embed\tomcat-embed-websocket\10.1.18\tomcat-embed-websocket-10.1.18.jar;C:\Users\tvimu\.m2\repository\org\springframework\spring-web\6.1.3\spring-web-6.1.3.jar;C:\Users\tvimu\.m2\repository\io\micrometer\micrometer-observation\1.12.2\micrometer-observation-1.12.2.jar;C:\Users\tvimu\.m2\repository\io\micrometer\micrometer-commons\1.12.2\micrometer-commons-1.12.2.jar;C:\Users\tvimu\.m2\repository\org\springframework\spring-webmvc\6.1.3\spring-webmvc-6.1.3.jar;C:\Users\tvimu\.m2\repository\com\mysql\mysql-connector-j\8.3.0\mysql-connector-j-8.3.0.jar;C:\Users\tvimu\.m2\repository\org\projectlombok\lombok\1.18.30\lombok-1.18.30.jar;C:\Users\tvimu\.m2\repository\org\springframework\security\spring-security-core\6.2.1\spring-security-core-6.2.1.jar;C:\Users\tvimu\.m2\repository\org\springframework\security\spring-security-crypto\6.2.1\spring-security-crypto-6.2.1.jar;C:\Users\tvimu\.m2\repository\org\springframework\spring-core\6.1.3\spring-core-6.1.3.jar;C:\Users\tvimu\.m2\repository\org\springframework\spring-jcl\6.1.3\spring-jcl-6.1.3.jar;C:\Users\tvimu\.m2\repository\com\stripe\stripe-java\21.12.0-beta.1\stripe-java-21.12.0-beta.1.jar;C:\Users\tvimu\.m2\repository\com\google\code\gson\gson\2.10.1\gson-2.10.1.jar
Launcher Type: SUN_STANDARD

[Global flags]
     intx CICompilerCount                          = 4                                         {product} {ergonomic}
     uint ConcGCThreads                            = 2                                         {product} {ergonomic}
     uint G1ConcRefinementThreads                  = 8                                         {product} {ergonomic}
   size_t G1HeapRegionSize                         = 2097152                                   {product} {ergonomic}
    uintx GCDrainStackTargetSize                   = 64                                        {product} {ergonomic}
   size_t InitialHeapSize                          = 266338304                                 {product} {ergonomic}
   size_t MarkStackSize                            = 4194304                                   {product} {ergonomic}
   size_t MaxHeapSize                              = 4248829952                                {product} {ergonomic}
   size_t MaxNewSize                               = 2548039680                                {product} {ergonomic}
   size_t MinHeapDeltaBytes                        = 2097152                                   {product} {ergonomic}
   size_t MinHeapSize                              = 8388608                                   {product} {ergonomic}
    uintx NonNMethodCodeHeapSize                   = 5839372                                {pd product} {ergonomic}
    uintx NonProfiledCodeHeapSize                  = 122909434                              {pd product} {ergonomic}
    uintx ProfiledCodeHeapSize                     = 122909434                              {pd product} {ergonomic}
    uintx ReservedCodeCacheSize                    = 251658240                              {pd product} {ergonomic}
     bool SegmentedCodeCache                       = true                                      {product} {ergonomic}
   size_t SoftMaxHeapSize                          = 4248829952                             {manageable} {ergonomic}
     bool UseCompressedOops                        = true                           {product lp64_product} {ergonomic}
     bool UseG1GC                                  = true                                      {product} {ergonomic}
     bool UseLargePagesIndividualAllocation        = false                                  {pd product} {ergonomic}

Logging:
Log output configuration:
 #0: stdout all=warning uptime,level,tags foldmultilines=false
 #1: stderr all=off uptime,level,tags foldmultilines=false

Environment Variables:
PATH=C:\Program Files\Common Files\Oracle\Java\javapath;C:\Program Files (x86)\Common Files\Intel\Shared Libraries\redist\intel64\compiler;C:\Windows\system32;C:\Windows;C:\Windows\System32\Wbem;C:\Windows\System32\WindowsPowerShell\v1.0\;C:\Windows\System32\OpenSSH\;C:\Program Files\NVIDIA Corporation\NVIDIA NvDLISR;C:\Program Files\nodejs\;C:\Program Files (x86)\Windows Kits\10\Windows Performance Toolkit\;C:\Program Files\Git\cmd;C:\xampp\php;C:\src\flutter\bin;C:\Program Files\MySQL\MySQL Shell 8.0\bin\;C:\Users\tvimu\AppData\Local\Microsoft\WindowsApps;C:\Program Files\Java\jdk-21\bin;C:\Users\tvimu\AppData\Roaming\npm;C:\Users\tvimu\AppData\Local\GitHubDesktop\bin;C:\Users\tvimu\AppData\Local\Programs\Microsoft VS Code\bin
USERNAME=tvimu
OS=Windows_NT
PROCESSOR_IDENTIFIER=Intel64 Family 6 Model 165 Stepping 2, GenuineIntel
TMP=C:\Users\tvimu\AppData\Local\Temp
TEMP=C:\Users\tvimu\AppData\Local\Temp




Periodic native trim disabled

---------------  S Y S T E M  ---------------

OS:
 Windows 11 , 64 bit Build 22621 (10.0.22621.3085)
OS uptime: 0 days 12:53 hours
Hyper-V role detected

CPU: total 8 (initial active 8) (4 cores per cpu, 2 threads per core) family 6 model 165 stepping 2 microcode 0xe2, cx8, cmov, fxsr, ht, mmx, 3dnowpref, sse, sse2, sse3, ssse3, sse4.1, sse4.2, popcnt, lzcnt, tsc, tscinvbit, avx, avx2, aes, erms, clmul, bmi1, bmi2, adx, fma, vzeroupper, clflush, clflushopt, hv, rdtscp, f16c
Processor Information for all 8 processors :
  Max Mhz: 2496, Current Mhz: 2496, Mhz Limit: 2496

Memory: 4k page, system-wide physical 16204M (5027M free)
TotalPageFile size 28492M (AvailPageFile size 9955M)
current process WorkingSet (physical memory assigned to process): 142M, peak: 328M
current process commit charge ("private bytes"): 315M, peak: 407M

vm_info: Java HotSpot(TM) 64-Bit Server VM (21.0.1+12-LTS-29) for windows-amd64 JRE (21.0.1+12-LTS-29), built on 2023-10-05T13:27:09Z by "mach5one" with MS VC++ 17.1 (VS2022)

END.
